<?xml version="1.0" encoding="UTF-8"?>
<testsuite name="nl.tudelft.jpacman.board.BoardTest" tests="5" skipped="0" failures="0" errors="0" timestamp="2022-05-16T08:01:14" hostname="HUAWEIMATEBOOK" time="0.111">
  <properties/>
  <testcase name="verifyWidth()" classname="nl.tudelft.jpacman.board.BoardTest" time="0.0"/>
  <testcase name="verifyHeight()" classname="nl.tudelft.jpacman.board.BoardTest" time="0.001"/>
  <testcase name="[1] 0, 0" classname="nl.tudelft.jpacman.board.BoardTest" time="0.027"/>
  <testcase name="[2] 1, 2" classname="nl.tudelft.jpacman.board.BoardTest" time="0.001"/>
  <testcase name="[3] 0, 1" classname="nl.tudelft.jpacman.board.BoardTest" time="0.0"/>
  <system-out><![CDATA[]]></system-out>
  <system-err><![CDATA[]]></system-err>
</testsuite>
