<?xml version="1.0" encoding="UTF-8"?>
<testsuite name="nl.tudelft.jpacman.level.PlayerCollisionsTest" tests="6" skipped="0" failures="0" errors="0" timestamp="2022-05-23T08:29:40" hostname="HUAWEIMATEBOOK" time="0.077">
  <properties/>
  <testcase name="ghostCollidingPellet()" classname="nl.tudelft.jpacman.level.PlayerCollisionsTest" time="0.048"/>
  <testcase name="ghostCollidingPlayer()" classname="nl.tudelft.jpacman.level.PlayerCollisionsTest" time="0.015"/>
  <testcase name="pelletCollidingPlayer()" classname="nl.tudelft.jpacman.level.PlayerCollisionsTest" time="0.002"/>
  <testcase name="pelletCollidingGhost()" classname="nl.tudelft.jpacman.level.PlayerCollisionsTest" time="0.002"/>
  <testcase name="playerCollidingPellet()" classname="nl.tudelft.jpacman.level.PlayerCollisionsTest" time="0.003"/>
  <testcase name="playerCollidingGhost()" classname="nl.tudelft.jpacman.level.PlayerCollisionsTest" time="0.002"/>
  <system-out><![CDATA[]]></system-out>
  <system-err><![CDATA[]]></system-err>
</testsuite>
