<?xml version="1.0" encoding="UTF-8"?>
<testsuite name="nl.tudelft.jpacman.npc.ghost.InkyTest" tests="5" skipped="0" failures="0" errors="0" timestamp="2022-05-15T04:11:03" hostname="HUAWEIMATEBOOK" time="0.337">
  <properties/>
  <testcase name="Can not reach Pac-Man" classname="nl.tudelft.jpacman.npc.ghost.InkyTest" time="0.303"/>
  <testcase name="Inky is alongside Blinky and behind Pac-Man" classname="nl.tudelft.jpacman.npc.ghost.InkyTest" time="0.015"/>
  <testcase name="Inky is in front of Pac-Man" classname="nl.tudelft.jpacman.npc.ghost.InkyTest" time="0.011"/>
  <testcase name="No Blinky" classname="nl.tudelft.jpacman.npc.ghost.InkyTest" time="0.002"/>
  <testcase name="No Player" classname="nl.tudelft.jpacman.npc.ghost.InkyTest" time="0.002"/>
  <system-out><![CDATA[]]></system-out>
  <system-err><![CDATA[]]></system-err>
</testsuite>
